
Due to MODULEPATH changes, the following have been reloaded:
  1) openmpi/2.1.1

2019-10-05 17:18:37.840078: I tensorflow/stream_executor/platform/default/dso_loader.cc:42] Successfully opened dynamic library libcudart.so.10.0
Using TensorFlow backend.
WARNING: Logging before flag parsing goes to stderr.
W1005 17:27:44.281912 47665824251584 deprecation_wrapper.py:119] From /home/vigliens/tensorflow/lib/python3.6/site-packages/keras/backend/tensorflow_backend.py:4070: The name tf.nn.max_pool is deprecated. Please use tf.nn.max_pool2d instead.

W1005 17:27:50.789271 47665824251584 deprecation.py:323] From /home/vigliens/tensorflow/lib/python3.6/site-packages/tensorflow/python/ops/nn_impl.py:180: add_dispatch_support.<locals>.wrapper (from tensorflow.python.ops.array_ops) is deprecated and will be removed in a future version.
Instructions for updating:
Use tf.where in 2.0, which has the same broadcast rule as np.where
2019-10-05 17:28:22.608488: I tensorflow/stream_executor/platform/default/dso_loader.cc:42] Successfully opened dynamic library libcuda.so.1
2019-10-05 17:28:38.920458: I tensorflow/core/common_runtime/gpu/gpu_device.cc:1640] Found device 
2019-10-05 17:28:39.029215: I tensorflow/stream_executor/platform/default/dso_loader.cc:42] Successfully opened dynamic library libcudart.so.10.0
2019-10-05 17:28:39.180990: I tensorflow/stream_executor/platform/default/dso_loader.cc:42] Successfully opened dynamic library libcublas.so.10.0
2019-10-05 17:28:39.190893: I tensorflow/stream_executor/platform/default/dso_loader.cc:42] Successfully opened dynamic library libcufft.so.10.0
2019-10-05 17:28:39.194728: I tensorflow/stream_executor/platform/default/dso_loader.cc:42] Successfully opened dynamic library libcurand.so.10.0
2019-10-05 17:28:39.212002: I tensorflow/stream_executor/platform/default/dso_loader.cc:42] Successfully opened dynamic library libcusolver.so.10.0
2019-10-05 17:28:39.223668: I tensorflow/stream_executor/platform/default/dso_loader.cc:42] Successfully opened dynamic library libcusparse.so.10.0
2019-10-05 17:28:39.441441: I tensorflow/stream_executor/platform/default/dso_loader.cc:42] Successfully opened dynamic library libcudnn.so.7
2019-10-05 17:28:39.566732: I tensorflow/core/common_runtime/gpu/gpu_device.cc:1763] Adding visible gpu devices: 0
2019-10-05 17:28:39.775897: I tensorflow/stream_executor/platform/default/dso_loader.cc:42] Successfully opened dynamic library libcudart.so.10.0
2019-10-05 17:29:33.956977: I tensorflow/core/common_runtime/gpu/gpu_device.cc:1181] Device interconnect StreamExecutor with strength 
2019-10-05 17:29:36.196965: I tensorflow/core/common_runtime/gpu/gpu_device.cc:1187]      0 
2019-10-05 17:29:36.868234: I tensorflow/core/common_runtime/gpu/gpu_device.cc:1200] 0:   N 
2019-10-05 17:29:52.139530: I tensorflow/core/common_runtime/gpu/gpu_device.cc:1326] Created TensorFlow device (/job:localhost/replica:0/task:0/device:GPU:0 with 
2019-10-05 17:30:01.023137: I tensorflow/core/common_runtime/process_util.cc:115] Creating new thread pool with default inter op setting: 
W1005 17:31:20.424920 47665824251584 deprecation_wrapper.py:119] From /home/vigliens/tensorflow/lib/python3.6/site-packages/keras/backend/tensorflow_backend.py:422: The name tf.global_variables is deprecated. Please use tf.compat.v1.global_variables instead.

2019-10-05 17:31:56.501781: I tensorflow/stream_executor/platform/default/dso_loader.cc:42] Successfully opened dynamic library libcudnn.so.7
1-init
2-load
3-pretrain
Number of image patches:  8740 , memory % used: 22.2
Number of random patches:  17480  memory % used: 42.6
Training created with 26220 samples.
Training a new model for symbols
Model: "model_1"
__________________________________________________________________________________________________
Layer (type)                    Output Shape         Param #     Connected to                     
==================================================================================================
input_1 (InputLayer)            (None, 256, 256, 3)  0                                            
__________________________________________________________________________________________________
conv2d_1 (Conv2D)               (None, 256, 256, 32) 896         input_1[0][0]                    
__________________________________________________________________________________________________
conv2d_2 (Conv2D)               (None, 256, 256, 32) 9248        conv2d_1[0][0]                   
__________________________________________________________________________________________________
max_pooling2d_1 (MaxPooling2D)  (None, 128, 128, 32) 0           conv2d_2[0][0]                   
__________________________________________________________________________________________________
conv2d_3 (Conv2D)               (None, 128, 128, 64) 18496       max_pooling2d_1[0][0]            
__________________________________________________________________________________________________
conv2d_4 (Conv2D)               (None, 128, 128, 64) 36928       conv2d_3[0][0]                   
__________________________________________________________________________________________________
max_pooling2d_2 (MaxPooling2D)  (None, 64, 64, 64)   0           conv2d_4[0][0]                   
__________________________________________________________________________________________________
conv2d_5 (Conv2D)               (None, 64, 64, 256)  147712      max_pooling2d_2[0][0]            
__________________________________________________________________________________________________
conv2d_6 (Conv2D)               (None, 64, 64, 256)  590080      conv2d_5[0][0]                   
__________________________________________________________________________________________________
up_sampling2d_1 (UpSampling2D)  (None, 128, 128, 256 0           conv2d_6[0][0]                   
__________________________________________________________________________________________________
conv2d_7 (Conv2D)               (None, 128, 128, 128 131200      up_sampling2d_1[0][0]            
__________________________________________________________________________________________________
concatenate_1 (Concatenate)     (None, 128, 128, 192 0           conv2d_4[0][0]                   
                                                                 conv2d_7[0][0]                   
__________________________________________________________________________________________________
conv2d_8 (Conv2D)               (None, 128, 128, 128 221312      concatenate_1[0][0]              
__________________________________________________________________________________________________
conv2d_9 (Conv2D)               (None, 128, 128, 128 147584      conv2d_8[0][0]                   
__________________________________________________________________________________________________
up_sampling2d_2 (UpSampling2D)  (None, 256, 256, 128 0           conv2d_9[0][0]                   
__________________________________________________________________________________________________
conv2d_10 (Conv2D)              (None, 256, 256, 64) 32832       up_sampling2d_2[0][0]            
__________________________________________________________________________________________________
concatenate_2 (Concatenate)     (None, 256, 256, 96) 0           conv2d_2[0][0]                   
                                                                 conv2d_10[0][0]                  
__________________________________________________________________________________________________
conv2d_11 (Conv2D)              (None, 256, 256, 64) 55360       concatenate_2[0][0]              
__________________________________________________________________________________________________
conv2d_12 (Conv2D)              (None, 256, 256, 64) 36928       conv2d_11[0][0]                  
__________________________________________________________________________________________________
conv2d_13 (Conv2D)              (None, 256, 256, 2)  1154        conv2d_12[0][0]                  
__________________________________________________________________________________________________
conv2d_14 (Conv2D)              (None, 256, 256, 1)  3           conv2d_13[0][0]                  
==================================================================================================
Total params: 1,429,733
Trainable params: 1,429,733
Non-trainable params: 0
__________________________________________________________________________________________________
Output path: Models/music.hdf5
Train on 20976 samples, validate on 5244 samples
Epoch 1/20
 - 1074s - loss: 0.0226 - accuracy: 0.9925 - val_loss: 0.0153 - val_accuracy: 0.9944

Epoch 00001: val_accuracy improved from -inf to 0.99441, saving model to Models/music.hdf5
Epoch 2/20
 - 608s - loss: 0.0126 - accuracy: 0.9964 - val_loss: 0.0113 - val_accuracy: 0.9971

Epoch 00002: val_accuracy improved from 0.99441 to 0.99713, saving model to Models/music.hdf5
Epoch 3/20
 - 642s - loss: 0.0112 - accuracy: 0.9971 - val_loss: 0.0107 - val_accuracy: 0.9974

Epoch 00003: val_accuracy improved from 0.99713 to 0.99742, saving model to Models/music.hdf5
Epoch 4/20
 - 585s - loss: 0.0101 - accuracy: 0.9976 - val_loss: 0.0095 - val_accuracy: 0.9978

Epoch 00004: val_accuracy improved from 0.99742 to 0.99783, saving model to Models/music.hdf5
Epoch 5/20
 - 606s - loss: 0.0092 - accuracy: 0.9979 - val_loss: 0.0094 - val_accuracy: 0.9976

Epoch 00005: val_accuracy did not improve from 0.99783
Epoch 6/20
 - 584s - loss: 0.0084 - accuracy: 0.9981 - val_loss: 0.0081 - val_accuracy: 0.9983

Epoch 00006: val_accuracy improved from 0.99783 to 0.99828, saving model to Models/music.hdf5
Epoch 7/20
 - 606s - loss: 0.0077 - accuracy: 0.9983 - val_loss: 0.0075 - val_accuracy: 0.9983

Epoch 00007: val_accuracy improved from 0.99828 to 0.99834, saving model to Models/music.hdf5
Epoch 8/20
 - 603s - loss: 0.0071 - accuracy: 0.9985 - val_loss: 0.0071 - val_accuracy: 0.9983

Epoch 00008: val_accuracy did not improve from 0.99834
Epoch 9/20
 - 594s - loss: 0.0064 - accuracy: 0.9986 - val_loss: 0.0062 - val_accuracy: 0.9987

Epoch 00009: val_accuracy improved from 0.99834 to 0.99874, saving model to Models/music.hdf5
Epoch 10/20
 - 597s - loss: 0.0058 - accuracy: 0.9988 - val_loss: 0.0058 - val_accuracy: 0.9988

Epoch 00010: val_accuracy improved from 0.99874 to 0.99876, saving model to Models/music.hdf5
Epoch 11/20
 - 585s - loss: 0.0054 - accuracy: 0.9989 - val_loss: 0.0056 - val_accuracy: 0.9988

Epoch 00011: val_accuracy improved from 0.99876 to 0.99881, saving model to Models/music.hdf5
Epoch 12/20
 - 564s - loss: 0.0049 - accuracy: 0.9990 - val_loss: 0.0050 - val_accuracy: 0.9989

Epoch 00012: val_accuracy improved from 0.99881 to 0.99891, saving model to Models/music.hdf5
Epoch 13/20
 - 825s - loss: 0.0045 - accuracy: 0.9991 - val_loss: 0.0047 - val_accuracy: 0.9990

Epoch 00013: val_accuracy improved from 0.99891 to 0.99902, saving model to Models/music.hdf5
Epoch 14/20
 - 1315s - loss: 0.0043 - accuracy: 0.9991 - val_loss: 0.0043 - val_accuracy: 0.9991

Epoch 00014: val_accuracy improved from 0.99902 to 0.99907, saving model to Models/music.hdf5
Epoch 15/20
 - 1276s - loss: 0.0039 - accuracy: 0.9992 - val_loss: 0.0042 - val_accuracy: 0.9990

Epoch 00015: val_accuracy did not improve from 0.99907
Epoch 16/20
 - 1319s - loss: 0.0036 - accuracy: 0.9992 - val_loss: 0.0040 - val_accuracy: 0.9991

Epoch 00016: val_accuracy did not improve from 0.99907
Epoch 17/20
 - 1391s - loss: 0.0033 - accuracy: 0.9993 - val_loss: 0.0062 - val_accuracy: 0.9982

Epoch 00017: val_accuracy did not improve from 0.99907
Training a new model for staff
Model: "model_2"
__________________________________________________________________________________________________
Layer (type)                    Output Shape         Param #     Connected to                     
==================================================================================================
input_2 (InputLayer)            (None, 256, 256, 3)  0                                            
__________________________________________________________________________________________________
conv2d_15 (Conv2D)              (None, 256, 256, 32) 896         input_2[0][0]                    
__________________________________________________________________________________________________
conv2d_16 (Conv2D)              (None, 256, 256, 32) 9248        conv2d_15[0][0]                  
__________________________________________________________________________________________________
max_pooling2d_3 (MaxPooling2D)  (None, 128, 128, 32) 0           conv2d_16[0][0]                  
__________________________________________________________________________________________________
conv2d_17 (Conv2D)              (None, 128, 128, 64) 18496       max_pooling2d_3[0][0]            
__________________________________________________________________________________________________
conv2d_18 (Conv2D)              (None, 128, 128, 64) 36928       conv2d_17[0][0]                  
__________________________________________________________________________________________________
max_pooling2d_4 (MaxPooling2D)  (None, 64, 64, 64)   0           conv2d_18[0][0]                  
__________________________________________________________________________________________________
conv2d_19 (Conv2D)              (None, 64, 64, 256)  147712      max_pooling2d_4[0][0]            
__________________________________________________________________________________________________
conv2d_20 (Conv2D)              (None, 64, 64, 256)  590080      conv2d_19[0][0]                  
__________________________________________________________________________________________________
up_sampling2d_3 (UpSampling2D)  (None, 128, 128, 256 0           conv2d_20[0][0]                  
__________________________________________________________________________________________________
conv2d_21 (Conv2D)              (None, 128, 128, 128 131200      up_sampling2d_3[0][0]            
__________________________________________________________________________________________________
concatenate_3 (Concatenate)     (None, 128, 128, 192 0           conv2d_18[0][0]                  
                                                                 conv2d_21[0][0]                  
__________________________________________________________________________________________________
conv2d_22 (Conv2D)              (None, 128, 128, 128 221312      concatenate_3[0][0]              
__________________________________________________________________________________________________
conv2d_23 (Conv2D)              (None, 128, 128, 128 147584      conv2d_22[0][0]                  
__________________________________________________________________________________________________
up_sampling2d_4 (UpSampling2D)  (None, 256, 256, 128 0           conv2d_23[0][0]                  
__________________________________________________________________________________________________
conv2d_24 (Conv2D)              (None, 256, 256, 64) 32832       up_sampling2d_4[0][0]            
__________________________________________________________________________________________________
concatenate_4 (Concatenate)     (None, 256, 256, 96) 0           conv2d_16[0][0]                  
                                                                 conv2d_24[0][0]                  
__________________________________________________________________________________________________
conv2d_25 (Conv2D)              (None, 256, 256, 64) 55360       concatenate_4[0][0]              
__________________________________________________________________________________________________
conv2d_26 (Conv2D)              (None, 256, 256, 64) 36928       conv2d_25[0][0]                  
__________________________________________________________________________________________________
conv2d_27 (Conv2D)              (None, 256, 256, 2)  1154        conv2d_26[0][0]                  
__________________________________________________________________________________________________
conv2d_28 (Conv2D)              (None, 256, 256, 1)  3           conv2d_27[0][0]                  
==================================================================================================
Total params: 1,429,733
Trainable params: 1,429,733
Non-trainable params: 0
__________________________________________________________________________________________________
Output path: Models/staff.hdf5
Train on 20976 samples, validate on 5244 samples
Epoch 1/20
 - 1936s - loss: 0.6614 - accuracy: 0.9997 - val_loss: 0.6306 - val_accuracy: 0.9998

Epoch 00001: val_accuracy improved from -inf to 0.99977, saving model to Models/staff.hdf5
Epoch 2/20
 - 1569s - loss: 0.6016 - accuracy: 0.9997 - val_loss: 0.5734 - val_accuracy: 0.9998

Epoch 00002: val_accuracy did not improve from 0.99977
Epoch 3/20
 - 1866s - loss: 0.5468 - accuracy: 0.9997 - val_loss: 0.5208 - val_accuracy: 0.9998

Epoch 00003: val_accuracy did not improve from 0.99977
Epoch 4/20
 - 3499s - loss: 0.4963 - accuracy: 0.9997 - val_loss: 0.4724 - val_accuracy: 0.9998

Epoch 00004: val_accuracy did not improve from 0.99977
Training a new model for text
Model: "model_3"
__________________________________________________________________________________________________
Layer (type)                    Output Shape         Param #     Connected to                     
==================================================================================================
input_3 (InputLayer)            (None, 256, 256, 3)  0                                            
__________________________________________________________________________________________________
conv2d_29 (Conv2D)              (None, 256, 256, 32) 896         input_3[0][0]                    
__________________________________________________________________________________________________
conv2d_30 (Conv2D)              (None, 256, 256, 32) 9248        conv2d_29[0][0]                  
__________________________________________________________________________________________________
max_pooling2d_5 (MaxPooling2D)  (None, 128, 128, 32) 0           conv2d_30[0][0]                  
__________________________________________________________________________________________________
conv2d_31 (Conv2D)              (None, 128, 128, 64) 18496       max_pooling2d_5[0][0]            
__________________________________________________________________________________________________
conv2d_32 (Conv2D)              (None, 128, 128, 64) 36928       conv2d_31[0][0]                  
__________________________________________________________________________________________________
max_pooling2d_6 (MaxPooling2D)  (None, 64, 64, 64)   0           conv2d_32[0][0]                  
__________________________________________________________________________________________________
conv2d_33 (Conv2D)              (None, 64, 64, 256)  147712      max_pooling2d_6[0][0]            
__________________________________________________________________________________________________
conv2d_34 (Conv2D)              (None, 64, 64, 256)  590080      conv2d_33[0][0]                  
__________________________________________________________________________________________________
up_sampling2d_5 (UpSampling2D)  (None, 128, 128, 256 0           conv2d_34[0][0]                  
__________________________________________________________________________________________________
conv2d_35 (Conv2D)              (None, 128, 128, 128 131200      up_sampling2d_5[0][0]            
__________________________________________________________________________________________________
concatenate_5 (Concatenate)     (None, 128, 128, 192 0           conv2d_32[0][0]                  
                                                                 conv2d_35[0][0]                  
__________________________________________________________________________________________________
conv2d_36 (Conv2D)              (None, 128, 128, 128 221312      concatenate_5[0][0]              
__________________________________________________________________________________________________
conv2d_37 (Conv2D)              (None, 128, 128, 128 147584      conv2d_36[0][0]                  
__________________________________________________________________________________________________
up_sampling2d_6 (UpSampling2D)  (None, 256, 256, 128 0           conv2d_37[0][0]                  
__________________________________________________________________________________________________
conv2d_38 (Conv2D)              (None, 256, 256, 64) 32832       up_sampling2d_6[0][0]            
__________________________________________________________________________________________________
concatenate_6 (Concatenate)     (None, 256, 256, 96) 0           conv2d_30[0][0]                  
                                                                 conv2d_38[0][0]                  
__________________________________________________________________________________________________
conv2d_39 (Conv2D)              (None, 256, 256, 64) 55360       concatenate_6[0][0]              
__________________________________________________________________________________________________
conv2d_40 (Conv2D)              (None, 256, 256, 64) 36928       conv2d_39[0][0]                  
__________________________________________________________________________________________________
conv2d_41 (Conv2D)              (None, 256, 256, 2)  1154        conv2d_40[0][0]                  
__________________________________________________________________________________________________
conv2d_42 (Conv2D)              (None, 256, 256, 1)  3           conv2d_41[0][0]                  
==================================================================================================
Total params: 1,429,733
Trainable params: 1,429,733
Non-trainable params: 0
__________________________________________________________________________________________________
Output path: Models/text.hdf5
Train on 20976 samples, validate on 5244 samples
Epoch 1/20
 - 2435s - loss: 0.0444 - accuracy: 0.9819 - val_loss: 0.0212 - val_accuracy: 0.9915

Epoch 00001: val_accuracy improved from -inf to 0.99155, saving model to Models/text.hdf5
Epoch 2/20
 - 2104s - loss: 0.0170 - accuracy: 0.9934 - val_loss: 0.0139 - val_accuracy: 0.9947

Epoch 00002: val_accuracy improved from 0.99155 to 0.99468, saving model to Models/text.hdf5
Epoch 3/20
 - 2295s - loss: 0.0136 - accuracy: 0.9948 - val_loss: 0.0122 - val_accuracy: 0.9954

Epoch 00003: val_accuracy improved from 0.99468 to 0.99535, saving model to Models/text.hdf5
Epoch 4/20
 - 4189s - loss: 0.0117 - accuracy: 0.9955 - val_loss: 0.0127 - val_accuracy: 0.9952

Epoch 00004: val_accuracy did not improve from 0.99535
Epoch 5/20
 - 3531s - loss: 0.0109 - accuracy: 0.9959 - val_loss: 0.0150 - val_accuracy: 0.9943

Epoch 00005: val_accuracy did not improve from 0.99535
Epoch 6/20
 - 3766s - loss: 0.0104 - accuracy: 0.9961 - val_loss: 0.0093 - val_accuracy: 0.9964

Epoch 00006: val_accuracy improved from 0.99535 to 0.99643, saving model to Models/text.hdf5
Epoch 7/20
 - 3768s - loss: 0.0087 - accuracy: 0.9967 - val_loss: 0.0098 - val_accuracy: 0.9962

Epoch 00007: val_accuracy did not improve from 0.99643
Epoch 8/20
 - 4205s - loss: 0.0082 - accuracy: 0.9969 - val_loss: 0.0084 - val_accuracy: 0.9968

Epoch 00008: val_accuracy improved from 0.99643 to 0.99680, saving model to Models/text.hdf5
Epoch 9/20
 - 3573s - loss: 0.0074 - accuracy: 0.9971 - val_loss: 0.0077 - val_accuracy: 0.9971

Epoch 00009: val_accuracy improved from 0.99680 to 0.99707, saving model to Models/text.hdf5
Epoch 10/20
 - 3392s - loss: 0.0068 - accuracy: 0.9974 - val_loss: 0.0074 - val_accuracy: 0.9971

Epoch 00010: val_accuracy improved from 0.99707 to 0.99714, saving model to Models/text.hdf5
Epoch 11/20
 - 4194s - loss: 0.0066 - accuracy: 0.9975 - val_loss: 0.0068 - val_accuracy: 0.9974

Epoch 00011: val_accuracy improved from 0.99714 to 0.99741, saving model to Models/text.hdf5
Epoch 12/20
 - 3680s - loss: 0.0060 - accuracy: 0.9977 - val_loss: 0.0064 - val_accuracy: 0.9975

Epoch 00012: val_accuracy improved from 0.99741 to 0.99754, saving model to Models/text.hdf5
Epoch 13/20
 - 3277s - loss: 0.0057 - accuracy: 0.9978 - val_loss: 0.0060 - val_accuracy: 0.9977

Epoch 00013: val_accuracy improved from 0.99754 to 0.99767, saving model to Models/text.hdf5
Epoch 14/20
 - 3843s - loss: 0.0055 - accuracy: 0.9979 - val_loss: 0.0059 - val_accuracy: 0.9977

Epoch 00014: val_accuracy improved from 0.99767 to 0.99772, saving model to Models/text.hdf5
Epoch 15/20
 - 4691s - loss: 0.0053 - accuracy: 0.9980 - val_loss: 0.0058 - val_accuracy: 0.9978

Epoch 00015: val_accuracy improved from 0.99772 to 0.99779, saving model to Models/text.hdf5
Epoch 16/20
 - 3939s - loss: 0.0053 - accuracy: 0.9980 - val_loss: 0.0057 - val_accuracy: 0.9978

Epoch 00016: val_accuracy improved from 0.99779 to 0.99781, saving model to Models/text.hdf5
Epoch 17/20
 - 3877s - loss: 0.0048 - accuracy: 0.9981 - val_loss: 0.0052 - val_accuracy: 0.9980

Epoch 00017: val_accuracy improved from 0.99781 to 0.99798, saving model to Models/text.hdf5
Epoch 18/20
 - 2825s - loss: 0.0048 - accuracy: 0.9981 - val_loss: 0.0052 - val_accuracy: 0.9980

Epoch 00018: val_accuracy improved from 0.99798 to 0.99799, saving model to Models/text.hdf5
Epoch 19/20
 - 2714s - loss: 0.0050 - accuracy: 0.9981 - val_loss: 0.0052 - val_accuracy: 0.9980

Epoch 00019: val_accuracy improved from 0.99799 to 0.99802, saving model to Models/text.hdf5
Epoch 20/20
 - 2637s - loss: 0.0042 - accuracy: 0.9983 - val_loss: 0.0052 - val_accuracy: 0.9980

Epoch 00020: val_accuracy did not improve from 0.99802
Training a new model for background
Model: "model_4"
__________________________________________________________________________________________________
Layer (type)                    Output Shape         Param #     Connected to                     
==================================================================================================
input_4 (InputLayer)            (None, 256, 256, 3)  0                                            
__________________________________________________________________________________________________
conv2d_43 (Conv2D)              (None, 256, 256, 32) 896         input_4[0][0]                    
__________________________________________________________________________________________________
conv2d_44 (Conv2D)              (None, 256, 256, 32) 9248        conv2d_43[0][0]                  
__________________________________________________________________________________________________
max_pooling2d_7 (MaxPooling2D)  (None, 128, 128, 32) 0           conv2d_44[0][0]                  
__________________________________________________________________________________________________
conv2d_45 (Conv2D)              (None, 128, 128, 64) 18496       max_pooling2d_7[0][0]            
__________________________________________________________________________________________________
conv2d_46 (Conv2D)              (None, 128, 128, 64) 36928       conv2d_45[0][0]                  
__________________________________________________________________________________________________
max_pooling2d_8 (MaxPooling2D)  (None, 64, 64, 64)   0           conv2d_46[0][0]                  
__________________________________________________________________________________________________
conv2d_47 (Conv2D)              (None, 64, 64, 256)  147712      max_pooling2d_8[0][0]            
__________________________________________________________________________________________________
conv2d_48 (Conv2D)              (None, 64, 64, 256)  590080      conv2d_47[0][0]                  
__________________________________________________________________________________________________
up_sampling2d_7 (UpSampling2D)  (None, 128, 128, 256 0           conv2d_48[0][0]                  
__________________________________________________________________________________________________
conv2d_49 (Conv2D)              (None, 128, 128, 128 131200      up_sampling2d_7[0][0]            
__________________________________________________________________________________________________
concatenate_7 (Concatenate)     (None, 128, 128, 192 0           conv2d_46[0][0]                  
                                                                 conv2d_49[0][0]                  
__________________________________________________________________________________________________
conv2d_50 (Conv2D)              (None, 128, 128, 128 221312      concatenate_7[0][0]              
__________________________________________________________________________________________________
conv2d_51 (Conv2D)              (None, 128, 128, 128 147584      conv2d_50[0][0]                  
__________________________________________________________________________________________________
up_sampling2d_8 (UpSampling2D)  (None, 256, 256, 128 0           conv2d_51[0][0]                  
__________________________________________________________________________________________________
conv2d_52 (Conv2D)              (None, 256, 256, 64) 32832       up_sampling2d_8[0][0]            
__________________________________________________________________________________________________
concatenate_8 (Concatenate)     (None, 256, 256, 96) 0           conv2d_44[0][0]                  
                                                                 conv2d_52[0][0]                  
__________________________________________________________________________________________________
conv2d_53 (Conv2D)              (None, 256, 256, 64) 55360       concatenate_8[0][0]              
__________________________________________________________________________________________________
conv2d_54 (Conv2D)              (None, 256, 256, 64) 36928       conv2d_53[0][0]                  
__________________________________________________________________________________________________
conv2d_55 (Conv2D)              (None, 256, 256, 2)  1154        conv2d_54[0][0]                  
__________________________________________________________________________________________________
conv2d_56 (Conv2D)              (None, 256, 256, 1)  3           conv2d_55[0][0]                  
==================================================================================================
Total params: 1,429,733
Trainable params: 1,429,733
Non-trainable params: 0
__________________________________________________________________________________________________
Output path: Models/back.hdf5
Train on 20976 samples, validate on 5244 samples
Epoch 1/20
 - 2673s - loss: 0.0623 - accuracy: 0.9868 - val_loss: 0.0511 - val_accuracy: 0.9933

Epoch 00001: val_accuracy improved from -inf to 0.99335, saving model to Models/back.hdf5
Epoch 2/20
 - 2226s - loss: 0.0497 - accuracy: 0.9933 - val_loss: 0.0472 - val_accuracy: 0.9937

Epoch 00002: val_accuracy improved from 0.99335 to 0.99375, saving model to Models/back.hdf5
Epoch 3/20
 - 2568s - loss: 0.0458 - accuracy: 0.9937 - val_loss: 0.0440 - val_accuracy: 0.9939

Epoch 00003: val_accuracy improved from 0.99375 to 0.99389, saving model to Models/back.hdf5
Epoch 4/20
 - 3056s - loss: 0.0424 - accuracy: 0.9940 - val_loss: 0.0407 - val_accuracy: 0.9941

Epoch 00004: val_accuracy improved from 0.99389 to 0.99413, saving model to Models/back.hdf5
Epoch 5/20
 - 2806s - loss: 0.0392 - accuracy: 0.9943 - val_loss: 0.0375 - val_accuracy: 0.9945

Epoch 00005: val_accuracy improved from 0.99413 to 0.99449, saving model to Models/back.hdf5
Epoch 6/20
 - 2454s - loss: 0.0366 - accuracy: 0.9942 - val_loss: 0.0348 - val_accuracy: 0.9947

Epoch 00006: val_accuracy improved from 0.99449 to 0.99466, saving model to Models/back.hdf5
Epoch 7/20
 - 2764s - loss: 0.0351 - accuracy: 0.9941 - val_loss: 0.0342 - val_accuracy: 0.9940

Epoch 00007: val_accuracy did not improve from 0.99466
Epoch 8/20
 - 2735s - loss: 0.0319 - accuracy: 0.9946 - val_loss: 0.0307 - val_accuracy: 0.9947

Epoch 00008: val_accuracy improved from 0.99466 to 0.99470, saving model to Models/back.hdf5
Epoch 9/20
 - 2936s - loss: 0.0295 - accuracy: 0.9949 - val_loss: 0.0285 - val_accuracy: 0.9949

Epoch 00009: val_accuracy improved from 0.99470 to 0.99492, saving model to Models/back.hdf5
Epoch 10/20
 - 2989s - loss: 0.0277 - accuracy: 0.9949 - val_loss: 0.0272 - val_accuracy: 0.9948

Epoch 00010: val_accuracy did not improve from 0.99492
Epoch 11/20
 - 2033s - loss: 0.0256 - accuracy: 0.9952 - val_loss: 0.0252 - val_accuracy: 0.9950

Epoch 00011: val_accuracy improved from 0.99492 to 0.99500, saving model to Models/back.hdf5
Epoch 12/20
 - 710s - loss: 0.0242 - accuracy: 0.9952 - val_loss: 0.0233 - val_accuracy: 0.9953

Epoch 00012: val_accuracy improved from 0.99500 to 0.99526, saving model to Models/back.hdf5
Epoch 13/20
 - 808s - loss: 0.0222 - accuracy: 0.9955 - val_loss: 0.0216 - val_accuracy: 0.9955

Epoch 00013: val_accuracy improved from 0.99526 to 0.99547, saving model to Models/back.hdf5
Epoch 14/20
 - 696s - loss: 0.0210 - accuracy: 0.9955 - val_loss: 0.0203 - val_accuracy: 0.9955

Epoch 00014: val_accuracy improved from 0.99547 to 0.99553, saving model to Models/back.hdf5
Epoch 15/20
 - 701s - loss: 0.0196 - accuracy: 0.9957 - val_loss: 0.0190 - val_accuracy: 0.9957

Epoch 00015: val_accuracy improved from 0.99553 to 0.99569, saving model to Models/back.hdf5
Epoch 16/20
 - 770s - loss: 0.0182 - accuracy: 0.9959 - val_loss: 0.0179 - val_accuracy: 0.9958

Epoch 00016: val_accuracy improved from 0.99569 to 0.99577, saving model to Models/back.hdf5
Epoch 17/20
 - 692s - loss: 0.0174 - accuracy: 0.9958 - val_loss: 0.0168 - val_accuracy: 0.9959

Epoch 00017: val_accuracy improved from 0.99577 to 0.99590, saving model to Models/back.hdf5
Epoch 18/20
 - 684s - loss: 0.0159 - accuracy: 0.9961 - val_loss: 0.0158 - val_accuracy: 0.9960

Epoch 00018: val_accuracy improved from 0.99590 to 0.99604, saving model to Models/back.hdf5
Epoch 19/20
 - 755s - loss: 0.0150 - accuracy: 0.9963 - val_loss: 0.0148 - val_accuracy: 0.9962

Epoch 00019: val_accuracy improved from 0.99604 to 0.99620, saving model to Models/back.hdf5
Epoch 20/20
 - 692s - loss: 0.0140 - accuracy: 0.9964 - val_loss: 0.0143 - val_accuracy: 0.9961

Epoch 00020: val_accuracy did not improve from 0.99620
4-postrain
Finishing the Fast CM trainer job.
1-11:58:24
