
Due to MODULEPATH changes, the following have been reloaded:
  1) openmpi/2.1.1

2019-10-03 07:16:02.401040: I tensorflow/stream_executor/platform/default/dso_loader.cc:42] Successfully opened dynamic library libcudart.so.10.0
Using TensorFlow backend.
WARNING: Logging before flag parsing goes to stderr.
W1003 07:17:17.034019 47472110042816 deprecation_wrapper.py:119] From /home/vigliens/tensorflow/lib/python3.6/site-packages/keras/backend/tensorflow_backend.py:4070: The name tf.nn.max_pool is deprecated. Please use tf.nn.max_pool2d instead.

2019-10-03 07:17:18.182906: I tensorflow/stream_executor/platform/default/dso_loader.cc:42] Successfully opened dynamic library libcuda.so.1
2019-10-03 07:17:18.390871: I tensorflow/core/common_runtime/gpu/gpu_device.cc:1640] Found device 0 with properties: 
name: Tesla P100-PCIE-12GB major: 6 minor: 0 memoryClockRate(GHz): 1.3285
pciBusID: 0000:04:00.0
2019-10-03 07:17:18.391801: I tensorflow/stream_executor/platform/default/dso_loader.cc:42] Successfully opened dynamic library libcudart.so.10.0
2019-10-03 07:17:18.411823: I tensorflow/stream_executor/platform/default/dso_loader.cc:42] Successfully opened dynamic library libcublas.so.10.0
2019-10-03 07:17:18.422365: I tensorflow/stream_executor/platform/default/dso_loader.cc:42] Successfully opened dynamic library libcufft.so.10.0
2019-10-03 07:17:18.426136: I tensorflow/stream_executor/platform/default/dso_loader.cc:42] Successfully opened dynamic library libcurand.so.10.0
2019-10-03 07:17:18.443461: I tensorflow/stream_executor/platform/default/dso_loader.cc:42] Successfully opened dynamic library libcusolver.so.10.0
2019-10-03 07:17:18.454588: I tensorflow/stream_executor/platform/default/dso_loader.cc:42] Successfully opened dynamic library libcusparse.so.10.0
2019-10-03 07:17:18.495363: I tensorflow/stream_executor/platform/default/dso_loader.cc:42] Successfully opened dynamic library libcudnn.so.7
2019-10-03 07:17:18.501636: I tensorflow/core/common_runtime/gpu/gpu_device.cc:1763] Adding visible gpu devices: 0
2019-10-03 07:17:18.544094: I tensorflow/stream_executor/platform/default/dso_loader.cc:42] Successfully opened dynamic library libcudart.so.10.0
2019-10-03 07:17:22.660408: I tensorflow/core/common_runtime/gpu/gpu_device.cc:1181] Device interconnect StreamExecutor with strength 1 edge matrix:
2019-10-03 07:17:22.662077: I tensorflow/core/common_runtime/gpu/gpu_device.cc:1187]      0 
2019-10-03 07:17:22.662199: I tensorflow/core/common_runtime/gpu/gpu_device.cc:1200] 0:   N 
2019-10-03 07:17:22.786649: I tensorflow/core/common_runtime/gpu/gpu_device.cc:1326] Created TensorFlow device (/job:localhost/replica:0/task:0/device:GPU:0 with 11268 MB memory) -> physical GPU (device: 0, name: Tesla P100-PCIE-12GB, pci bus id: 0000:04:00.0, compute capability: 6.0)
2019-10-03 07:17:22.954869: I tensorflow/core/common_runtime/process_util.cc:115] Creating new thread pool with default inter op setting: 2. Tune using inter_op_parallelism_threads for best performance.
W1003 07:17:25.583276 47472110042816 deprecation.py:323] From /home/vigliens/tensorflow/lib/python3.6/site-packages/tensorflow/python/ops/nn_impl.py:180: add_dispatch_support.<locals>.wrapper (from tensorflow.python.ops.array_ops) is deprecated and will be removed in a future version.
Instructions for updating:
Use tf.where in 2.0, which has the same broadcast rule as np.where
W1003 07:17:27.912424 47472110042816 deprecation_wrapper.py:119] From /home/vigliens/tensorflow/lib/python3.6/site-packages/keras/backend/tensorflow_backend.py:422: The name tf.global_variables is deprecated. Please use tf.compat.v1.global_variables instead.

2019-10-03 07:17:43.041923: I tensorflow/stream_executor/platform/default/dso_loader.cc:42] Successfully opened dynamic library libcudnn.so.7
Processing
0 / 8174
256 / 8174
512 / 8174
768 / 8174
1024 / 8174
1280 / 8174
1536 / 8174
1792 / 8174
2048 / 8174
2304 / 8174
2560 / 8174
2816 / 8174
3072 / 8174
3328 / 8174
3584 / 8174
3840 / 8174
4096 / 8174
4352 / 8174
4608 / 8174
4864 / 8174
5120 / 8174
5376 / 8174
5632 / 8174
5888 / 8174
6144 / 8174
6400 / 8174
6656 / 8174
6912 / 8174
7168 / 8174
7424 / 8174
7680 / 8174
Exporting 0 label
Exporting 1 label
Exporting 2 label
Exporting 3 label
00:02:45
