
Due to MODULEPATH changes, the following have been reloaded:
  1) openmpi/2.1.1

2019-10-02 15:50:56.771738: I tensorflow/stream_executor/platform/default/dso_loader.cc:42] Successfully opened dynamic library libcudart.so.10.0
Using TensorFlow backend.
WARNING: Logging before flag parsing goes to stderr.
W1002 15:53:50.795212 46992172756672 deprecation_wrapper.py:119] From /home/vigliens/tensorflow/lib/python3.6/site-packages/keras/backend/tensorflow_backend.py:4070: The name tf.nn.max_pool is deprecated. Please use tf.nn.max_pool2d instead.

W1002 15:53:51.399360 46992172756672 deprecation.py:323] From /home/vigliens/tensorflow/lib/python3.6/site-packages/tensorflow/python/ops/nn_impl.py:180: add_dispatch_support.<locals>.wrapper (from tensorflow.python.ops.array_ops) is deprecated and will be removed in a future version.
Instructions for updating:
Use tf.where in 2.0, which has the same broadcast rule as np.where
2019-10-02 15:53:55.814255: I tensorflow/stream_executor/platform/default/dso_loader.cc:42] Successfully opened dynamic library libcuda.so.1
2019-10-02 15:53:57.322960: I tensorflow/core/common_runtime/gpu/gpu_device.cc:1640] Found device 
2019-10-02 15:53:57.462980: I tensorflow/stream_executor/platform/default/dso_loader.cc:42] Successfully opened dynamic library libcudart.so.10.0
2019-10-02 15:53:57.521400: I tensorflow/stream_executor/platform/default/dso_loader.cc:42] Successfully opened dynamic library libcublas.so.10.0
2019-10-02 15:53:57.529826: I tensorflow/stream_executor/platform/default/dso_loader.cc:42] Successfully opened dynamic library libcufft.so.10.0
2019-10-02 15:53:57.533504: I tensorflow/stream_executor/platform/default/dso_loader.cc:42] Successfully opened dynamic library libcurand.so.10.0
2019-10-02 15:53:57.548435: I tensorflow/stream_executor/platform/default/dso_loader.cc:42] Successfully opened dynamic library libcusolver.so.10.0
2019-10-02 15:53:57.557895: I tensorflow/stream_executor/platform/default/dso_loader.cc:42] Successfully opened dynamic library libcusparse.so.10.0
2019-10-02 15:53:57.609078: I tensorflow/stream_executor/platform/default/dso_loader.cc:42] Successfully opened dynamic library libcudnn.so.7
2019-10-02 15:53:57.646519: I tensorflow/core/common_runtime/gpu/gpu_device.cc:1763] Adding visible gpu devices: 0
2019-10-02 15:53:57.647943: I tensorflow/stream_executor/platform/default/dso_loader.cc:42] Successfully opened dynamic library libcudart.so.10.0
2019-10-02 15:54:03.516525: I tensorflow/core/common_runtime/gpu/gpu_device.cc:1181] Device interconnect StreamExecutor with strength 
2019-10-02 15:54:03.525585: I tensorflow/core/common_runtime/gpu/gpu_device.cc:1187]      0 
2019-10-02 15:54:03.548329: I tensorflow/core/common_runtime/gpu/gpu_device.cc:1200] 0:   N 
2019-10-02 15:54:03.746474: I tensorflow/core/common_runtime/gpu/gpu_device.cc:1326] Created TensorFlow device (/job:localhost/replica:0/task:0/device:GPU:0 with 
2019-10-02 15:54:03.974937: I tensorflow/core/common_runtime/process_util.cc:115] Creating new thread pool with default inter op setting: 
W1002 15:54:07.437753 46992172756672 deprecation_wrapper.py:119] From /home/vigliens/tensorflow/lib/python3.6/site-packages/keras/backend/tensorflow_backend.py:422: The name tf.global_variables is deprecated. Please use tf.compat.v1.global_variables instead.

2019-10-02 15:54:10.642408: I tensorflow/stream_executor/platform/default/dso_loader.cc:42] Successfully opened dynamic library libcudnn.so.7
1-init
2-load
3-pretrain
Training created with 8740 samples.
Training a new model for symbols
Model: "model_1"
__________________________________________________________________________________________________
Layer (type)                    Output Shape         Param #     Connected to                     
==================================================================================================
input_1 (InputLayer)            (None, 256, 256, 3)  0                                            
__________________________________________________________________________________________________
conv2d_1 (Conv2D)               (None, 256, 256, 32) 896         input_1[0][0]                    
__________________________________________________________________________________________________
conv2d_2 (Conv2D)               (None, 256, 256, 32) 9248        conv2d_1[0][0]                   
__________________________________________________________________________________________________
max_pooling2d_1 (MaxPooling2D)  (None, 128, 128, 32) 0           conv2d_2[0][0]                   
__________________________________________________________________________________________________
conv2d_3 (Conv2D)               (None, 128, 128, 64) 18496       max_pooling2d_1[0][0]            
__________________________________________________________________________________________________
conv2d_4 (Conv2D)               (None, 128, 128, 64) 36928       conv2d_3[0][0]                   
__________________________________________________________________________________________________
max_pooling2d_2 (MaxPooling2D)  (None, 64, 64, 64)   0           conv2d_4[0][0]                   
__________________________________________________________________________________________________
conv2d_5 (Conv2D)               (None, 64, 64, 256)  147712      max_pooling2d_2[0][0]            
__________________________________________________________________________________________________
conv2d_6 (Conv2D)               (None, 64, 64, 256)  590080      conv2d_5[0][0]                   
__________________________________________________________________________________________________
up_sampling2d_1 (UpSampling2D)  (None, 128, 128, 256 0           conv2d_6[0][0]                   
__________________________________________________________________________________________________
conv2d_7 (Conv2D)               (None, 128, 128, 128 131200      up_sampling2d_1[0][0]            
__________________________________________________________________________________________________
concatenate_1 (Concatenate)     (None, 128, 128, 192 0           conv2d_4[0][0]                   
                                                                 conv2d_7[0][0]                   
__________________________________________________________________________________________________
conv2d_8 (Conv2D)               (None, 128, 128, 128 221312      concatenate_1[0][0]              
__________________________________________________________________________________________________
conv2d_9 (Conv2D)               (None, 128, 128, 128 147584      conv2d_8[0][0]                   
__________________________________________________________________________________________________
up_sampling2d_2 (UpSampling2D)  (None, 256, 256, 128 0           conv2d_9[0][0]                   
__________________________________________________________________________________________________
conv2d_10 (Conv2D)              (None, 256, 256, 64) 32832       up_sampling2d_2[0][0]            
__________________________________________________________________________________________________
concatenate_2 (Concatenate)     (None, 256, 256, 96) 0           conv2d_2[0][0]                   
                                                                 conv2d_10[0][0]                  
__________________________________________________________________________________________________
conv2d_11 (Conv2D)              (None, 256, 256, 64) 55360       concatenate_2[0][0]              
__________________________________________________________________________________________________
conv2d_12 (Conv2D)              (None, 256, 256, 64) 36928       conv2d_11[0][0]                  
__________________________________________________________________________________________________
conv2d_13 (Conv2D)              (None, 256, 256, 2)  1154        conv2d_12[0][0]                  
__________________________________________________________________________________________________
conv2d_14 (Conv2D)              (None, 256, 256, 1)  3           conv2d_13[0][0]                  
==================================================================================================
Total params: 1,429,733
Trainable params: 1,429,733
Non-trainable params: 0
__________________________________________________________________________________________________
Output path: Models/music.hdf5
Train on 6992 samples, validate on 1748 samples
Epoch 1/20
 - 210s - loss: 0.0347 - accuracy: 0.9884 - val_loss: 0.0150 - val_accuracy: 0.9921

Epoch 00001: val_accuracy improved from -inf to 0.99211, saving model to Models/music.hdf5
Epoch 2/20
 - 185s - loss: 0.0183 - accuracy: 0.9930 - val_loss: 0.0123 - val_accuracy: 0.9952

Epoch 00002: val_accuracy improved from 0.99211 to 0.99524, saving model to Models/music.hdf5
Epoch 3/20
 - 187s - loss: 0.0162 - accuracy: 0.9945 - val_loss: 0.0102 - val_accuracy: 0.9969

Epoch 00003: val_accuracy improved from 0.99524 to 0.99692, saving model to Models/music.hdf5
Epoch 4/20
 - 183s - loss: 0.0149 - accuracy: 0.9953 - val_loss: 0.0103 - val_accuracy: 0.9972

Epoch 00004: val_accuracy improved from 0.99692 to 0.99718, saving model to Models/music.hdf5
Epoch 5/20
 - 177s - loss: 0.0143 - accuracy: 0.9957 - val_loss: 0.0092 - val_accuracy: 0.9975

Epoch 00005: val_accuracy improved from 0.99718 to 0.99754, saving model to Models/music.hdf5
Epoch 6/20
 - 183s - loss: 0.0133 - accuracy: 0.9962 - val_loss: 0.0089 - val_accuracy: 0.9977

Epoch 00006: val_accuracy improved from 0.99754 to 0.99769, saving model to Models/music.hdf5
Epoch 7/20
 - 189s - loss: 0.0129 - accuracy: 0.9964 - val_loss: 0.0085 - val_accuracy: 0.9978

Epoch 00007: val_accuracy improved from 0.99769 to 0.99784, saving model to Models/music.hdf5
Epoch 8/20
 - 193s - loss: 0.0121 - accuracy: 0.9968 - val_loss: 0.0082 - val_accuracy: 0.9979

Epoch 00008: val_accuracy improved from 0.99784 to 0.99791, saving model to Models/music.hdf5
Epoch 9/20
 - 186s - loss: 0.0115 - accuracy: 0.9971 - val_loss: 0.0087 - val_accuracy: 0.9975

Epoch 00009: val_accuracy did not improve from 0.99791
Epoch 10/20
 - 195s - loss: 0.0116 - accuracy: 0.9970 - val_loss: 0.0076 - val_accuracy: 0.9982

Epoch 00010: val_accuracy improved from 0.99791 to 0.99825, saving model to Models/music.hdf5
Epoch 11/20
 - 189s - loss: 0.0110 - accuracy: 0.9973 - val_loss: 0.0074 - val_accuracy: 0.9983

Epoch 00011: val_accuracy improved from 0.99825 to 0.99832, saving model to Models/music.hdf5
Epoch 12/20
 - 194s - loss: 0.0104 - accuracy: 0.9975 - val_loss: 0.0081 - val_accuracy: 0.9977

Epoch 00012: val_accuracy did not improve from 0.99832
Epoch 13/20
 - 185s - loss: 0.0101 - accuracy: 0.9976 - val_loss: 0.0078 - val_accuracy: 0.9981

Epoch 00013: val_accuracy did not improve from 0.99832
Epoch 14/20
 - 189s - loss: 0.0095 - accuracy: 0.9978 - val_loss: 0.0068 - val_accuracy: 0.9986

Epoch 00014: val_accuracy improved from 0.99832 to 0.99855, saving model to Models/music.hdf5
Epoch 15/20
 - 188s - loss: 0.0094 - accuracy: 0.9978 - val_loss: 0.0067 - val_accuracy: 0.9985

Epoch 00015: val_accuracy did not improve from 0.99855
Epoch 16/20
 - 207s - loss: 0.0088 - accuracy: 0.9981 - val_loss: 0.0071 - val_accuracy: 0.9983

Epoch 00016: val_accuracy did not improve from 0.99855
Epoch 17/20
 - 204s - loss: 0.0086 - accuracy: 0.9981 - val_loss: 0.0066 - val_accuracy: 0.9985

Epoch 00017: val_accuracy did not improve from 0.99855
Training a new model for staff
Model: "model_2"
__________________________________________________________________________________________________
Layer (type)                    Output Shape         Param #     Connected to                     
==================================================================================================
input_2 (InputLayer)            (None, 256, 256, 3)  0                                            
__________________________________________________________________________________________________
conv2d_15 (Conv2D)              (None, 256, 256, 32) 896         input_2[0][0]                    
__________________________________________________________________________________________________
conv2d_16 (Conv2D)              (None, 256, 256, 32) 9248        conv2d_15[0][0]                  
__________________________________________________________________________________________________
max_pooling2d_3 (MaxPooling2D)  (None, 128, 128, 32) 0           conv2d_16[0][0]                  
__________________________________________________________________________________________________
conv2d_17 (Conv2D)              (None, 128, 128, 64) 18496       max_pooling2d_3[0][0]            
__________________________________________________________________________________________________
conv2d_18 (Conv2D)              (None, 128, 128, 64) 36928       conv2d_17[0][0]                  
__________________________________________________________________________________________________
max_pooling2d_4 (MaxPooling2D)  (None, 64, 64, 64)   0           conv2d_18[0][0]                  
__________________________________________________________________________________________________
conv2d_19 (Conv2D)              (None, 64, 64, 256)  147712      max_pooling2d_4[0][0]            
__________________________________________________________________________________________________
conv2d_20 (Conv2D)              (None, 64, 64, 256)  590080      conv2d_19[0][0]                  
__________________________________________________________________________________________________
up_sampling2d_3 (UpSampling2D)  (None, 128, 128, 256 0           conv2d_20[0][0]                  
__________________________________________________________________________________________________
conv2d_21 (Conv2D)              (None, 128, 128, 128 131200      up_sampling2d_3[0][0]            
__________________________________________________________________________________________________
concatenate_3 (Concatenate)     (None, 128, 128, 192 0           conv2d_18[0][0]                  
                                                                 conv2d_21[0][0]                  
__________________________________________________________________________________________________
conv2d_22 (Conv2D)              (None, 128, 128, 128 221312      concatenate_3[0][0]              
__________________________________________________________________________________________________
conv2d_23 (Conv2D)              (None, 128, 128, 128 147584      conv2d_22[0][0]                  
__________________________________________________________________________________________________
up_sampling2d_4 (UpSampling2D)  (None, 256, 256, 128 0           conv2d_23[0][0]                  
__________________________________________________________________________________________________
conv2d_24 (Conv2D)              (None, 256, 256, 64) 32832       up_sampling2d_4[0][0]            
__________________________________________________________________________________________________
concatenate_4 (Concatenate)     (None, 256, 256, 96) 0           conv2d_16[0][0]                  
                                                                 conv2d_24[0][0]                  
__________________________________________________________________________________________________
conv2d_25 (Conv2D)              (None, 256, 256, 64) 55360       concatenate_4[0][0]              
__________________________________________________________________________________________________
conv2d_26 (Conv2D)              (None, 256, 256, 64) 36928       conv2d_25[0][0]                  
__________________________________________________________________________________________________
conv2d_27 (Conv2D)              (None, 256, 256, 2)  1154        conv2d_26[0][0]                  
__________________________________________________________________________________________________
conv2d_28 (Conv2D)              (None, 256, 256, 1)  3           conv2d_27[0][0]                  
==================================================================================================
Total params: 1,429,733
Trainable params: 1,429,733
Non-trainable params: 0
__________________________________________________________________________________________________
Output path: Models/staff.hdf5
Train on 6992 samples, validate on 1748 samples
Epoch 1/20
 - 197s - loss: 0.0075 - accuracy: 0.9997 - val_loss: 1.5290e-05 - val_accuracy: 1.0000

Epoch 00001: val_accuracy improved from -inf to 1.00000, saving model to Models/staff.hdf5
Epoch 2/20
 - 199s - loss: 0.0021 - accuracy: 0.9997 - val_loss: 9.6275e-04 - val_accuracy: 1.0000

Epoch 00002: val_accuracy did not improve from 1.00000
Epoch 3/20
 - 189s - loss: 0.0017 - accuracy: 0.9997 - val_loss: 2.5645e-04 - val_accuracy: 1.0000

Epoch 00003: val_accuracy did not improve from 1.00000
Epoch 4/20
 - 193s - loss: 0.0013 - accuracy: 0.9997 - val_loss: 2.2838e-05 - val_accuracy: 1.0000

Epoch 00004: val_accuracy did not improve from 1.00000
Training a new model for text
Model: "model_3"
__________________________________________________________________________________________________
Layer (type)                    Output Shape         Param #     Connected to                     
==================================================================================================
input_3 (InputLayer)            (None, 256, 256, 3)  0                                            
__________________________________________________________________________________________________
conv2d_29 (Conv2D)              (None, 256, 256, 32) 896         input_3[0][0]                    
__________________________________________________________________________________________________
conv2d_30 (Conv2D)              (None, 256, 256, 32) 9248        conv2d_29[0][0]                  
__________________________________________________________________________________________________
max_pooling2d_5 (MaxPooling2D)  (None, 128, 128, 32) 0           conv2d_30[0][0]                  
__________________________________________________________________________________________________
conv2d_31 (Conv2D)              (None, 128, 128, 64) 18496       max_pooling2d_5[0][0]            
__________________________________________________________________________________________________
conv2d_32 (Conv2D)              (None, 128, 128, 64) 36928       conv2d_31[0][0]                  
__________________________________________________________________________________________________
max_pooling2d_6 (MaxPooling2D)  (None, 64, 64, 64)   0           conv2d_32[0][0]                  
__________________________________________________________________________________________________
conv2d_33 (Conv2D)              (None, 64, 64, 256)  147712      max_pooling2d_6[0][0]            
__________________________________________________________________________________________________
conv2d_34 (Conv2D)              (None, 64, 64, 256)  590080      conv2d_33[0][0]                  
__________________________________________________________________________________________________
up_sampling2d_5 (UpSampling2D)  (None, 128, 128, 256 0           conv2d_34[0][0]                  
__________________________________________________________________________________________________
conv2d_35 (Conv2D)              (None, 128, 128, 128 131200      up_sampling2d_5[0][0]            
__________________________________________________________________________________________________
concatenate_5 (Concatenate)     (None, 128, 128, 192 0           conv2d_32[0][0]                  
                                                                 conv2d_35[0][0]                  
__________________________________________________________________________________________________
conv2d_36 (Conv2D)              (None, 128, 128, 128 221312      concatenate_5[0][0]              
__________________________________________________________________________________________________
conv2d_37 (Conv2D)              (None, 128, 128, 128 147584      conv2d_36[0][0]                  
__________________________________________________________________________________________________
up_sampling2d_6 (UpSampling2D)  (None, 256, 256, 128 0           conv2d_37[0][0]                  
__________________________________________________________________________________________________
conv2d_38 (Conv2D)              (None, 256, 256, 64) 32832       up_sampling2d_6[0][0]            
__________________________________________________________________________________________________
concatenate_6 (Concatenate)     (None, 256, 256, 96) 0           conv2d_30[0][0]                  
                                                                 conv2d_38[0][0]                  
__________________________________________________________________________________________________
conv2d_39 (Conv2D)              (None, 256, 256, 64) 55360       concatenate_6[0][0]              
__________________________________________________________________________________________________
conv2d_40 (Conv2D)              (None, 256, 256, 64) 36928       conv2d_39[0][0]                  
__________________________________________________________________________________________________
conv2d_41 (Conv2D)              (None, 256, 256, 2)  1154        conv2d_40[0][0]                  
__________________________________________________________________________________________________
conv2d_42 (Conv2D)              (None, 256, 256, 1)  3           conv2d_41[0][0]                  
==================================================================================================
Total params: 1,429,733
Trainable params: 1,429,733
Non-trainable params: 0
__________________________________________________________________________________________________
Output path: Models/text.hdf5
Train on 6992 samples, validate on 1748 samples
Epoch 1/20
 - 207s - loss: 0.6836 - accuracy: 0.9457 - val_loss: 0.6733 - val_accuracy: 0.9620

Epoch 00001: val_accuracy improved from -inf to 0.96197, saving model to Models/text.hdf5
Epoch 2/20
 - 188s - loss: 0.6646 - accuracy: 0.9479 - val_loss: 0.6541 - val_accuracy: 0.9620

Epoch 00002: val_accuracy did not improve from 0.96197
Epoch 3/20
 - 194s - loss: 0.6464 - accuracy: 0.9479 - val_loss: 0.6356 - val_accuracy: 0.9620

Epoch 00003: val_accuracy did not improve from 0.96197
Epoch 4/20
 - 193s - loss: 0.6287 - accuracy: 0.9479 - val_loss: 0.6177 - val_accuracy: 0.9620

Epoch 00004: val_accuracy did not improve from 0.96197
Training a new model for background
Model: "model_4"
__________________________________________________________________________________________________
Layer (type)                    Output Shape         Param #     Connected to                     
==================================================================================================
input_4 (InputLayer)            (None, 256, 256, 3)  0                                            
__________________________________________________________________________________________________
conv2d_43 (Conv2D)              (None, 256, 256, 32) 896         input_4[0][0]                    
__________________________________________________________________________________________________
conv2d_44 (Conv2D)              (None, 256, 256, 32) 9248        conv2d_43[0][0]                  
__________________________________________________________________________________________________
max_pooling2d_7 (MaxPooling2D)  (None, 128, 128, 32) 0           conv2d_44[0][0]                  
__________________________________________________________________________________________________
conv2d_45 (Conv2D)              (None, 128, 128, 64) 18496       max_pooling2d_7[0][0]            
__________________________________________________________________________________________________
conv2d_46 (Conv2D)              (None, 128, 128, 64) 36928       conv2d_45[0][0]                  
__________________________________________________________________________________________________
max_pooling2d_8 (MaxPooling2D)  (None, 64, 64, 64)   0           conv2d_46[0][0]                  
__________________________________________________________________________________________________
conv2d_47 (Conv2D)              (None, 64, 64, 256)  147712      max_pooling2d_8[0][0]            
__________________________________________________________________________________________________
conv2d_48 (Conv2D)              (None, 64, 64, 256)  590080      conv2d_47[0][0]                  
__________________________________________________________________________________________________
up_sampling2d_7 (UpSampling2D)  (None, 128, 128, 256 0           conv2d_48[0][0]                  
__________________________________________________________________________________________________
conv2d_49 (Conv2D)              (None, 128, 128, 128 131200      up_sampling2d_7[0][0]            
__________________________________________________________________________________________________
concatenate_7 (Concatenate)     (None, 128, 128, 192 0           conv2d_46[0][0]                  
                                                                 conv2d_49[0][0]                  
__________________________________________________________________________________________________
conv2d_50 (Conv2D)              (None, 128, 128, 128 221312      concatenate_7[0][0]              
__________________________________________________________________________________________________
conv2d_51 (Conv2D)              (None, 128, 128, 128 147584      conv2d_50[0][0]                  
__________________________________________________________________________________________________
up_sampling2d_8 (UpSampling2D)  (None, 256, 256, 128 0           conv2d_51[0][0]                  
__________________________________________________________________________________________________
conv2d_52 (Conv2D)              (None, 256, 256, 64) 32832       up_sampling2d_8[0][0]            
__________________________________________________________________________________________________
concatenate_8 (Concatenate)     (None, 256, 256, 96) 0           conv2d_44[0][0]                  
                                                                 conv2d_52[0][0]                  
__________________________________________________________________________________________________
conv2d_53 (Conv2D)              (None, 256, 256, 64) 55360       concatenate_8[0][0]              
__________________________________________________________________________________________________
conv2d_54 (Conv2D)              (None, 256, 256, 64) 36928       conv2d_53[0][0]                  
__________________________________________________________________________________________________
conv2d_55 (Conv2D)              (None, 256, 256, 2)  1154        conv2d_54[0][0]                  
__________________________________________________________________________________________________
conv2d_56 (Conv2D)              (None, 256, 256, 1)  3           conv2d_55[0][0]                  
==================================================================================================
Total params: 1,429,733
Trainable params: 1,429,733
Non-trainable params: 0
__________________________________________________________________________________________________
Output path: Models/back.hdf5
Train on 6992 samples, validate on 1748 samples
Epoch 1/20
 - 202s - loss: 0.0896 - accuracy: 0.9676 - val_loss: 0.0472 - val_accuracy: 0.9921

Epoch 00001: val_accuracy improved from -inf to 0.99211, saving model to Models/back.hdf5
Epoch 2/20
 - 194s - loss: 0.0592 - accuracy: 0.9916 - val_loss: 0.0486 - val_accuracy: 0.9919

Epoch 00002: val_accuracy did not improve from 0.99211
Epoch 3/20
 - 205s - loss: 0.0566 - accuracy: 0.9926 - val_loss: 0.0436 - val_accuracy: 0.9933

Epoch 00003: val_accuracy improved from 0.99211 to 0.99333, saving model to Models/back.hdf5
Epoch 4/20
 - 194s - loss: 0.0546 - accuracy: 0.9930 - val_loss: 0.0427 - val_accuracy: 0.9933

Epoch 00004: val_accuracy did not improve from 0.99333
Epoch 5/20
 - 197s - loss: 0.0530 - accuracy: 0.9933 - val_loss: 0.0406 - val_accuracy: 0.9938

Epoch 00005: val_accuracy improved from 0.99333 to 0.99383, saving model to Models/back.hdf5
Epoch 6/20
 - 203s - loss: 0.0513 - accuracy: 0.9936 - val_loss: 0.0403 - val_accuracy: 0.9935

Epoch 00006: val_accuracy did not improve from 0.99383
Epoch 7/20
 - 197s - loss: 0.0505 - accuracy: 0.9935 - val_loss: 0.0391 - val_accuracy: 0.9938

Epoch 00007: val_accuracy did not improve from 0.99383
Epoch 8/20
 - 191s - loss: 0.0488 - accuracy: 0.9937 - val_loss: 0.0383 - val_accuracy: 0.9939

Epoch 00008: val_accuracy improved from 0.99383 to 0.99388, saving model to Models/back.hdf5
Epoch 9/20
 - 200s - loss: 0.0472 - accuracy: 0.9939 - val_loss: 0.0396 - val_accuracy: 0.9934

Epoch 00009: val_accuracy did not improve from 0.99388
Epoch 10/20
 - 186s - loss: 0.0464 - accuracy: 0.9937 - val_loss: 0.0389 - val_accuracy: 0.9923

Epoch 00010: val_accuracy did not improve from 0.99388
Epoch 11/20
 - 198s - loss: 0.0453 - accuracy: 0.9938 - val_loss: 0.0382 - val_accuracy: 0.9926

Epoch 00011: val_accuracy did not improve from 0.99388
4-postrain
Finishing the Fast CM trainer job.
02:01:07
